Arguments: 
  C:\Program Files\nodejs\node.exe C:\Program Files (x86)\Yarn\bin\yarn.js install

PATH: 
  C:\Program Files\Common Files\Oracle\Java\javapath;C:\Program Files (x86)\Common Files\Oracle\Java\javapath;C:\Program Files (x86)\Yarn\bin\;C:\Program Files\Git\cmd;C:\Python27\;C:\Program Files\nodejs\;C:\Program Files\Java\jre1.8.0_301\bin;C:\Users\User128\AppData\Local\Programs\Python\Python311\Scripts\;C:\Users\User128\AppData\Local\Programs\Python\Python311\;C:\Users\User128\AppData\Local\Programs\Python\Launcher\;C:\Users\User128\AppData\Local\Yarn\bin;C:\Python27\;C:\Users\User128\AppData\Roaming\npm;C:\Program Files\Java\jre1.8.0_301\bin;

Yarn version: 
  1.22.4

Node version: 
  16.15.0

Platform: 
  win32 x64

Trace: 
  Error: Client network socket disconnected before secure TLS connection was established
      at connResetException (node:internal/errors:692:14)
      at TLSSocket.onConnectEnd (node:_tls_wrap:1587:19)
      at TLSSocket.emit (node:events:539:35)
      at endReadableNT (node:internal/streams/readable:1345:12)
      at processTicksAndRejections (node:internal/process/task_queues:83:21)

npm manifest: 
  {
    "name": "vite",
    "private": true,
    "version": "0.0.0",
    "type": "module",
    "scripts": {
      "dev": "vite",
      "build": "vite build",
      "lint": "eslint src --ext js,jsx --report-unused-disable-directives --max-warnings 0",
      "preview": "vite preview"
    },
    "dependencies": {
      "react": "^18.2.0",
      "react-dom": "^18.2.0"
    },
    "devDependencies": {
      "@types/react": "^18.0.28",
      "@types/react-dom": "^18.0.11",
      "@vitejs/plugin-react": "^4.0.0",
      "eslint": "^8.38.0",
      "eslint-plugin-react": "^7.32.2",
      "eslint-plugin-react-hooks": "^4.6.0",
      "eslint-plugin-react-refresh": "^0.3.4",
      "vite": "^4.3.2"
    }
  }

yarn manifest: 
  No manifest

Lockfile: 
  No lockfile
